State 1: <Initial predicate>
/\ jarro_pequeno = 0
/\ jarro_grande = 0

State 2: <EncheGrande line 15, col 16 to line 16, col 48 of module JarrosDeAgua>
/\ jarro_pequeno = 0
/\ jarro_grande = 5

State 3: <GrandeParaPequeno line 30, col 22 to line 34, col 47 of module JarrosDeAgua>
/\ jarro_pequeno = 3
/\ jarro_grande = 2

State 4: <EsvaziaPequeno line 18, col 19 to line 19, col 50 of module JarrosDeAgua>
/\ jarro_pequeno = 0
/\ jarro_grande = 2

State 5: <GrandeParaPequeno line 30, col 22 to line 34, col 47 of module JarrosDeAgua>
/\ jarro_pequeno = 2
/\ jarro_grande = 0

State 6: <EncheGrande line 15, col 16 to line 16, col 48 of module JarrosDeAgua>
/\ jarro_pequeno = 2
/\ jarro_grande = 5

State 7: <GrandeParaPequeno line 30, col 22 to line 34, col 47 of module JarrosDeAgua>
/\ jarro_pequeno = 3
/\ jarro_grande = 4
